<?xml version="1.0" encoding="utf-8"?>
<TestRun id="12345678-1234-1234-1234-123456789012" name="Test Run" xmlns="http://microsoft.com/schemas/VisualStudio/TeamTest/2010">
  <Results>
    <UnitTestResult executionId="exec-1" testId="test-1" testName="PassedTest" duration="00:00:00.0050000" startTime="2025-10-16T10:00:00.000Z" endTime="2025-10-16T10:00:01.000Z" outcome="Passed">
      <Output />
    </UnitTestResult>
    <UnitTestResult executionId="exec-2" testId="test-2" testName="FailedTest" duration="00:00:00.0100000" startTime="2025-10-16T10:00:01.000Z" endTime="2025-10-16T10:00:02.000Z" outcome="Failed">
      <Output>
        <ErrorInfo>
          <Message>Test failed: Expected value was 42 but got 0</Message>
          <StackTrace>   at MyNamespace.MyTests.FailedTest() in C:\Projects\Tests\MyTests.cs:line 25</StackTrace>
        </ErrorInfo>
      </Output>
    </UnitTestResult>
    <UnitTestResult executionId="exec-3" testId="test-3" testName="SkippedTest" duration="00:00:00.0000000" startTime="2025-10-16T10:00:02.000Z" endTime="2025-10-16T10:00:02.000Z" outcome="NotExecuted">
      <Output />
    </UnitTestResult>
  </Results>
  <TestDefinitions>
    <UnitTest name="PassedTest" id="test-1" storage="mytests.dll">
      <Execution id="exec-1" />
      <TestMethod codeBase="C:\Projects\Tests\bin\Debug\net8.0\MyTests.dll" className="MyNamespace.MyTests" name="PassedTest" />
    </UnitTest>
    <UnitTest name="FailedTest" id="test-2" storage="mytests.dll">
      <Execution id="exec-2" />
      <TestMethod codeBase="C:\Projects\Tests\bin\Debug\net8.0\MyTests.dll" className="MyNamespace.MyTests" name="FailedTest" />
    </UnitTest>
    <UnitTest name="SkippedTest" id="test-3" storage="mytests.dll">
      <Execution id="exec-3" />
      <TestMethod codeBase="C:\Projects\Tests\bin\Debug\net8.0\MyTests.dll" className="MyNamespace.MyTests" name="SkippedTest" />
    </UnitTest>
  </TestDefinitions>
  <ResultSummary outcome="Failed">
    <Counters total="3" executed="2" passed="1" failed="1" error="0" timeout="0" aborted="0" inconclusive="0" passedButRunAborted="0" notRunnable="0" notExecuted="1" disconnected="0" warning="0" completed="0" inProgress="0" pending="0" />
  </ResultSummary>
</TestRun>
